Arguments: 
  /Users/cdavis/.nvm/versions/node/v16.13.0/bin/node /Users/cdavis/.node/corepack/yarn/1.22.15/bin/yarn.js

PATH: 
  /Users/cdavis/.deno/bin:/Users/cdavis/.nvm/versions/node/v16.13.0/bin:/Users/cdavis/.okta/bin:/usr/local/bin:/usr/bin:/bin:/usr/sbin:/sbin:/Applications/VMware Fusion.app/Contents/Public:/Library/TeX/texbin:/usr/local/share/dotnet:~/.dotnet/tools:/Library/Apple/usr/bin:/Library/Frameworks/Mono.framework/Versions/Current/Commands

Yarn version: 
  1.22.15

Node version: 
  16.13.0

Platform: 
  darwin x64

Trace: 
  Error: ENOENT: no such file or directory, copyfile '/Users/cdavis/Library/Caches/Yarn/v6/npm-globals-13.12.0-4d733760304230a0082ed96e21e5c565f898089e-integrity/node_modules/globals/package.json' -> '/Users/cdavis/Documents/battlebot/node_modules/@eslint/eslintrc/node_modules/globals/package.json'

npm manifest: 
  {
    "name": "battlebot",
    "version": "1.0.0",
    "description": "",
    "main": "index.js",
    "private": true,
    "workspaces": [
      "packages/*"
    ],
    "dependencies": {
      "@typescript-eslint/eslint-plugin": "^5.9.1",
      "@typescript-eslint/parser": "^5.9.1",
      "eslint": "^8.6.0",
      "eslint-config-prettier": "^8.3.0",
      "eslint-plugin-prettier": "^4.0.0",
      "prettier": "^2.5.1"
    },
    "lint-staged": {
      "packages/*/src/**/*.ts": [
        "eslint --fix"
      ]
    },
    "devDependencies": {
      "husky": "^7.0.0",
      "lint-staged": "^12.1.7"
    },
    "scripts": {
      "test": "echo \"Error: no test specified\" && exit 1",
      "prepare": "husky install",
      "lint": "eslint \"packages/*/{src,apps,libs,test}/**/*.ts\" --fix",
      "format": "prettier --write \"src/**/*.ts\""
    },
    "repository": {
      "type": "git",
      "url": "git+https://github.com/fishgills/battlebot.git"
    },
    "author": "",
    "license": "ISC",
    "bugs": {
      "url": "https://github.com/fishgills/battlebot/issues"
    },
    "homepage": "https://github.com/fishgills/battlebot#readme"
  }

yarn manifest: 
  No manifest

Lockfile: 
  No lockfile
